<?xml version="1.0" encoding="UTF-8"?>
<!-- Generated by org.testng.reporters.JUnitReportReporter -->
<testsuite hostname="DESKTOP-SKC049P" failures="0" tests="1" name="packagemaven.Project_Maven.Test08" time="16.169" errors="0" timestamp="2025-01-12T19:05:07 IST" skipped="0">
  <testcase classname="packagemaven.Project_Maven.Test08" name="sort_by_price_low_to_high" time="16.169"/>
  <system-out>
    <![CDATA[Test case is started
Test case is  passed]]>
  </system-out>
</testsuite> <!-- packagemaven.Project_Maven.Test08 -->
