<?xml version="1.0" encoding="UTF-8"?>
<!-- Generated by org.testng.reporters.JUnitReportReporter -->
<testsuite hostname="DESKTOP-SKC049P" failures="0" tests="1" name="packagemaven.Project_Maven.Test15" time="26.202" errors="0" timestamp="2025-01-12T19:05:07 IST" skipped="0">
  <testcase classname="packagemaven.Project_Maven.Test15" name="add_to_cart_without_login" time="26.202"/>
  <system-out>
    <![CDATA[Test case is started
Test case is  passed]]>
  </system-out>
</testsuite> <!-- packagemaven.Project_Maven.Test15 -->
