<?xml version="1.0" encoding="UTF-8"?>
<!-- Generated by org.testng.reporters.JUnitReportReporter -->
<testsuite hostname="DESKTOP-SKC049P" failures="0" tests="1" name="packagemaven.Project_Maven.Test06" time="11.990" errors="0" timestamp="2025-01-12T19:05:07 IST" skipped="0">
  <testcase classname="packagemaven.Project_Maven.Test06" name="verify_searching_with_filters_category_price_range" time="11.990"/>
  <system-out>
    <![CDATA[Test case is started
Test case is  passed]]>
  </system-out>
</testsuite> <!-- packagemaven.Project_Maven.Test06 -->
