<?xml version="1.0" encoding="UTF-8"?>
<!-- Generated by org.testng.reporters.JUnitReportReporter -->
<testsuite hostname="DESKTOP-SKC049P" failures="0" tests="1" name="packagemaven.Project_Maven.Login_Test" time="2.176" errors="0" timestamp="2024-12-09T23:04:07 IST" skipped="0">
  <testcase classname="packagemaven.Project_Maven.Login_Test" name="testLogin" time="2.176"/>
  <system-out/>
</testsuite> <!-- packagemaven.Project_Maven.Login_Test -->
