<?xml version="1.0" encoding="UTF-8"?>
<!-- Generated by org.testng.reporters.JUnitReportReporter -->
<testsuite hostname="DESKTOP-SKC049P" failures="0" tests="2" name="packagemaven.Project_Maven.Test3" time="74.049" errors="0" timestamp="2025-01-06T22:54:36 IST" skipped="1">
  <testcase classname="packagemaven.Project_Maven.Test3" name="checkLoginFail" time="48.073">
    <skipped/>
  </testcase> <!-- checkLoginFail -->
  <system-out>
    <![CDATA[Test case is started
Test case is skipped]]>
  </system-out>
  <testcase classname="packagemaven.Project_Maven.Test3" name="checkLoginFail" time="25.976"/>
  <system-out>
    <![CDATA[Test case is started
Test case is  passed]]>
  </system-out>
</testsuite> <!-- packagemaven.Project_Maven.Test3 -->
