<?xml version="1.0" encoding="UTF-8"?>
<!-- Generated by org.testng.reporters.JUnitReportReporter -->
<testsuite hostname="DESKTOP-SKC049P" failures="0" tests="2" name="packagemaven.Project_Maven.Test9" time="102.169" errors="1" timestamp="2025-01-06T22:54:36 IST" skipped="1">
  <testcase classname="packagemaven.Project_Maven.Test9" name="Add_to_Wishlist_Add_to_Cart" time="56.190">
    <skipped/>
  </testcase> <!-- Add_to_Wishlist_Add_to_Cart -->
  <system-out>
    <![CDATA[Test case is started
Test case is skipped]]>
  </system-out>
  <testcase classname="packagemaven.Project_Maven.Test9" name="Add_to_Wishlist_Add_to_Cart" time="45.979">
    <error type="java.util.NoSuchElementException">
      <![CDATA[java.util.NoSuchElementException
at java.base/java.util.LinkedHashMap$LinkedHashIterator.nextNode(LinkedHashMap.java:1026)
at java.base/java.util.LinkedHashMap$LinkedKeyIterator.next(LinkedHashMap.java:1047)
at packagemaven.Project_Maven.ProductPage.child_window(ProductPage.java:55)
at packagemaven.Project_Maven.Test9.Add_to_Wishlist_Add_to_Cart(Test9.java:27)
at java.base/jdk.internal.reflect.DirectMethodHandleAccessor.invoke(DirectMethodHandleAccessor.java:103)
at java.base/java.lang.reflect.Method.invoke(Method.java:580)
at org.testng.internal.MethodInvocationHelper.invokeMethod(MethodInvocationHelper.java:133)
at org.testng.internal.TestInvoker.invokeMethod(TestInvoker.java:598)
at org.testng.internal.TestInvoker.retryFailed(TestInvoker.java:213)
at org.testng.internal.MethodRunner.runInSequence(MethodRunner.java:58)
at org.testng.internal.TestInvoker$MethodInvocationAgent.invoke(TestInvoker.java:824)
at org.testng.internal.TestInvoker.invokeTestMethods(TestInvoker.java:146)
at org.testng.internal.TestMethodWorker.invokeTestMethods(TestMethodWorker.java:146)
at org.testng.internal.TestMethodWorker.run(TestMethodWorker.java:128)
at java.base/java.util.concurrent.ThreadPoolExecutor.runWorker(ThreadPoolExecutor.java:1144)
at java.base/java.util.concurrent.ThreadPoolExecutor$Worker.run(ThreadPoolExecutor.java:642)
at java.base/java.lang.Thread.run(Thread.java:1575)
]]>
    </error>
  </testcase> <!-- Add_to_Wishlist_Add_to_Cart -->
  <system-out>
    <![CDATA[Test case is started
Test case is failed]]>
  </system-out>
</testsuite> <!-- packagemaven.Project_Maven.Test9 -->
