<?xml version="1.0" encoding="UTF-8"?>
<!-- Generated by org.testng.reporters.JUnitReportReporter -->
<testsuite hostname="DESKTOP-SKC049P" failures="0" tests="1" name="packagemaven.Project_Maven.Test09" time="60.287" errors="0" timestamp="2025-01-12T19:05:07 IST" skipped="0">
  <testcase classname="packagemaven.Project_Maven.Test09" name="Add_to_Wishlist_Add_to_Cart" time="60.287"/>
  <system-out>
    <![CDATA[Test case is started
Test case is  passed]]>
  </system-out>
</testsuite> <!-- packagemaven.Project_Maven.Test09 -->
