<?xml version="1.0" encoding="UTF-8"?>
<!-- Generated by org.testng.reporters.JUnitReportReporter -->
<testsuite hostname="DESKTOP-SKC049P" failures="0" tests="3" name="packagemaven.Project_Maven.Test13" time="82.927" errors="0" timestamp="2025-01-09T22:09:21 IST" skipped="2">
  <testcase classname="packagemaven.Project_Maven.Test13" name="apply_coupon_code" time="67.465"/>
  <system-out>
    <![CDATA[Test case is started
Test case is  passed]]>
  </system-out>
  <testcase classname="packagemaven.Project_Maven.Test13" name="apply_coupon_code" time="7.565">
    <skipped/>
  </testcase> <!-- apply_coupon_code -->
  <system-out>
    <![CDATA[Test case is started
Test case is skipped]]>
  </system-out>
  <testcase classname="packagemaven.Project_Maven.Test13" name="apply_coupon_code" time="7.897">
    <skipped/>
  </testcase> <!-- apply_coupon_code -->
  <system-out>
    <![CDATA[Test case is started
Test case is skipped]]>
  </system-out>
</testsuite> <!-- packagemaven.Project_Maven.Test13 -->
