<?xml version="1.0" encoding="UTF-8"?>
<!-- Generated by org.testng.reporters.JUnitReportReporter -->
<testsuite hostname="DESKTOP-SKC049P" failures="0" tests="6" name="packagemaven.Project_Maven.Test2" time="63.110" errors="0" timestamp="2025-01-08T19:53:53 IST" skipped="3">
  <testcase classname="packagemaven.Project_Maven.Test2" name="login_to_amazon" time="15.114"/>
  <system-out>
    <![CDATA[Test case is started
Test case is  passed]]>
  </system-out>
  <testcase classname="packagemaven.Project_Maven.Test2" name="login_to_amazon" time="10.346"/>
  <system-out>
    <![CDATA[Test case is started
Test case is  passed]]>
  </system-out>
  <testcase classname="packagemaven.Project_Maven.Test2" name="login_to_amazon" time="7.319">
    <skipped/>
  </testcase> <!-- login_to_amazon -->
  <system-out>
    <![CDATA[Test case is started
Test case is skipped]]>
  </system-out>
  <testcase classname="packagemaven.Project_Maven.Test2" name="login_to_amazon" time="9.576">
    <skipped/>
  </testcase> <!-- login_to_amazon -->
  <system-out>
    <![CDATA[Test case is started
Test case is skipped]]>
  </system-out>
  <testcase classname="packagemaven.Project_Maven.Test2" name="login_to_amazon" time="10.785"/>
  <system-out>
    <![CDATA[Test case is started
Test case is  passed]]>
  </system-out>
  <testcase classname="packagemaven.Project_Maven.Test2" name="login_to_amazon" time="9.970">
    <skipped/>
  </testcase> <!-- login_to_amazon -->
  <system-out>
    <![CDATA[Test case is started
Test case is skipped]]>
  </system-out>
</testsuite> <!-- packagemaven.Project_Maven.Test2 -->
