<?xml version="1.0" encoding="UTF-8"?>
<!-- Generated by org.testng.reporters.JUnitReportReporter -->
<testsuite hostname="DESKTOP-SKC049P" failures="0" tests="3" name="packagemaven.Project_Maven.Test1" time="83.498" errors="0" timestamp="2025-01-08T19:53:53 IST" skipped="0">
  <testcase classname="packagemaven.Project_Maven.Test1" name="registration" time="53.062"/>
  <system-out>
    <![CDATA[Test case is started
Test case is  passed]]>
  </system-out>
  <testcase classname="packagemaven.Project_Maven.Test1" name="registration" time="18.632"/>
  <system-out>
    <![CDATA[Test case is started
Test case is  passed]]>
  </system-out>
  <testcase classname="packagemaven.Project_Maven.Test1" name="registration" time="11.804"/>
  <system-out>
    <![CDATA[Test case is started
Test case is  passed]]>
  </system-out>
</testsuite> <!-- packagemaven.Project_Maven.Test1 -->
