<?xml version="1.0" encoding="UTF-8"?>
<!-- Generated by org.testng.reporters.JUnitReportReporter -->
<testsuite hostname="DESKTOP-SKC049P" failures="0" tests="1" name="packagemaven.Project_Maven.Test9" time="40.424" errors="0" timestamp="2024-12-29T15:35:50 IST" skipped="0">
  <testcase classname="packagemaven.Project_Maven.Test9" name="Add_to_Wishlist_Add_to_Cart" time="40.424"/>
  <system-out>
    <![CDATA[Test case is started
Test case is  passed]]>
  </system-out>
</testsuite> <!-- packagemaven.Project_Maven.Test9 -->
