<?xml version="1.0" encoding="UTF-8"?>
<!-- Generated by org.testng.reporters.JUnitReportReporter -->
<testsuite hostname="DESKTOP-SKC049P" failures="0" tests="1" name="packagemaven.Project_Maven.Test1" time="9.771" errors="0" timestamp="2024-12-29T15:35:50 IST" skipped="0">
  <testcase classname="packagemaven.Project_Maven.Test1" name="registration" time="9.771"/>
  <system-out>
    <![CDATA[Test case is started
Test case is  passed]]>
  </system-out>
</testsuite> <!-- packagemaven.Project_Maven.Test1 -->
