<?xml version="1.0" encoding="UTF-8"?>
<!-- Generated by org.testng.reporters.JUnitReportReporter -->
<testsuite hostname="DESKTOP-SKC049P" failures="0" tests="2" name="packagemaven.Project_Maven.Test7" time="17.005" errors="0" timestamp="2024-12-29T15:35:50 IST" skipped="1">
  <testcase classname="packagemaven.Project_Maven.Test7" name="test_details_price_reviews_description" time="14.909"/>
  <system-out>
    <![CDATA[Test case is started
Test case is  passed]]>
  </system-out>
  <testcase classname="packagemaven.Project_Maven.Test7" name="test_details_price_reviews_description" time="2.096">
    <skipped/>
  </testcase> <!-- test_details_price_reviews_description -->
  <system-out>
    <![CDATA[Test case is started
Test case is skipped]]>
  </system-out>
</testsuite> <!-- packagemaven.Project_Maven.Test7 -->
