<?xml version="1.0" encoding="UTF-8"?>
<!-- Generated by org.testng.reporters.JUnitReportReporter -->
<testsuite hostname="DESKTOP-SKC049P" failures="0" tests="1" name="packagemaven.Project_Maven.Test2" time="7.122" errors="0" timestamp="2024-12-29T15:35:50 IST" skipped="0">
  <testcase classname="packagemaven.Project_Maven.Test2" name="login_to_amazon" time="7.122"/>
  <system-out>
    <![CDATA[Test case is started
Test case is  passed]]>
  </system-out>
</testsuite> <!-- packagemaven.Project_Maven.Test2 -->
