<?xml version="1.0" encoding="UTF-8"?>
<!-- Generated by org.testng.reporters.JUnitReportReporter -->
<testsuite hostname="DESKTOP-SKC049P" failures="0" tests="1" name="packagemaven.Project_Maven.Test11" time="107.002" errors="0" timestamp="2025-01-10T08:53:17 IST" skipped="0">
  <testcase classname="packagemaven.Project_Maven.Test11" name="entirecheckoutprocess" time="107.002"/>
  <system-out>
    <![CDATA[Test case is started
Test case is  passed]]>
  </system-out>
</testsuite> <!-- packagemaven.Project_Maven.Test11 -->
