<?xml version="1.0" encoding="UTF-8"?>
<!-- Generated by org.testng.reporters.JUnitReportReporter -->
<testsuite hostname="DESKTOP-SKC049P" failures="0" tests="3" name="packagemaven.Project_Maven.Test8" time="15.756" errors="0" timestamp="2024-12-29T15:35:50 IST" skipped="2">
  <testcase classname="packagemaven.Project_Maven.Test8" name="sort_by_price_low_to_high" time="10.928"/>
  <system-out>
    <![CDATA[Test case is started
Test case is  passed]]>
  </system-out>
  <testcase classname="packagemaven.Project_Maven.Test8" name="sort_by_price_low_to_high" time="2.549">
    <skipped/>
  </testcase> <!-- sort_by_price_low_to_high -->
  <system-out>
    <![CDATA[Test case is started
Test case is skipped]]>
  </system-out>
  <testcase classname="packagemaven.Project_Maven.Test8" name="sort_by_price_low_to_high" time="2.279">
    <skipped/>
  </testcase> <!-- sort_by_price_low_to_high -->
  <system-out>
    <![CDATA[Test case is started
Test case is skipped]]>
  </system-out>
</testsuite> <!-- packagemaven.Project_Maven.Test8 -->
