<?xml version="1.0" encoding="UTF-8"?>
<!-- Generated by org.testng.reporters.JUnitReportReporter -->
<testsuite hostname="DESKTOP-SKC049P" failures="0" tests="3" name="packagemaven.Project_Maven.Test6" time="9.819" errors="0" timestamp="2024-12-29T15:35:50 IST" skipped="2">
  <testcase classname="packagemaven.Project_Maven.Test6" name="verify_searching_with_filters_category_price_range" time="2.477">
    <skipped/>
  </testcase> <!-- verify_searching_with_filters_category_price_range -->
  <system-out>
    <![CDATA[Test case is started
Test case is skipped]]>
  </system-out>
  <testcase classname="packagemaven.Project_Maven.Test6" name="verify_searching_with_filters_category_price_range" time="5.397"/>
  <system-out>
    <![CDATA[Test case is started
Test case is  passed]]>
  </system-out>
  <testcase classname="packagemaven.Project_Maven.Test6" name="verify_searching_with_filters_category_price_range" time="1.945">
    <skipped/>
  </testcase> <!-- verify_searching_with_filters_category_price_range -->
  <system-out>
    <![CDATA[Test case is started
Test case is skipped]]>
  </system-out>
</testsuite> <!-- packagemaven.Project_Maven.Test6 -->
