<?xml version="1.0" encoding="UTF-8"?>
<!-- Generated by org.testng.reporters.JUnitReportReporter -->
<testsuite hostname="DESKTOP-SKC049P" failures="0" tests="3" name="packagemaven.Project_Maven.Test03" time="43.262" errors="0" timestamp="2025-01-10T08:53:17 IST" skipped="2">
  <testcase classname="packagemaven.Project_Maven.Test03" name="checkLoginFail" time="12.111">
    <skipped/>
  </testcase> <!-- checkLoginFail -->
  <system-out>
    <![CDATA[Test case is started
Test case is skipped]]>
  </system-out>
  <testcase classname="packagemaven.Project_Maven.Test03" name="checkLoginFail" time="19.034"/>
  <system-out>
    <![CDATA[Test case is started
Test case is  passed]]>
  </system-out>
  <testcase classname="packagemaven.Project_Maven.Test03" name="checkLoginFail" time="12.117">
    <skipped/>
  </testcase> <!-- checkLoginFail -->
  <system-out>
    <![CDATA[Test case is started
Test case is skipped]]>
  </system-out>
</testsuite> <!-- packagemaven.Project_Maven.Test03 -->
