<?xml version="1.0" encoding="UTF-8"?>
<!-- Generated by org.testng.reporters.JUnitReportReporter -->
<testsuite hostname="DESKTOP-SKC049P" failures="0" tests="1" name="packagemaven.Project_Maven.Test4" time="17.978" errors="0" timestamp="2024-12-29T15:35:50 IST" skipped="0">
  <testcase classname="packagemaven.Project_Maven.Test4" name="verify_user_info_edit" time="17.978"/>
  <system-out>
    <![CDATA[Test case is started
Test case is  passed]]>
  </system-out>
</testsuite> <!-- packagemaven.Project_Maven.Test4 -->
