<?xml version="1.0" encoding="UTF-8"?>
<!-- Generated by org.testng.reporters.JUnitReportReporter -->
<testsuite hostname="DESKTOP-SKC049P" failures="0" tests="1" name="packagemaven.Project_Maven.Test10" time="56.340" errors="0" timestamp="2025-01-12T19:18:29 IST" skipped="0">
  <testcase classname="packagemaven.Project_Maven.Test10" name="check_update_quantities_remove_add_to_cart" time="56.340"/>
  <system-out>
    <![CDATA[Test case is started
Test case is  passed]]>
  </system-out>
</testsuite> <!-- packagemaven.Project_Maven.Test10 -->
